<?xml version="1.0" encoding="UTF-8"?>
<testsuite xmlns:xsi="http://www.w3.org/2001/XMLSchema-instance" xsi:noNamespaceSchemaLocation="https://maven.apache.org/surefire/maven-surefire-plugin/xsd/surefire-test-report-3.0.xsd" version="3.0" name="com.promineotech.TestDemoJUnitTest" time="0.981" tests="9" errors="0" skipped="0" failures="0">
  <properties>
[...]
</properties>
  <testcase name="assertThatTwoPositiveNumbersAreAddedCorrectly(int, int, int, boolean)[1]" classname="com.promineotech.TestDemoJUnitTest" time="0.171"/>
  <testcase name="assertThatTwoPositiveNumbersAreAddedCorrectly(int, int, int, boolean)[2]" classname="com.promineotech.TestDemoJUnitTest" time="0.003"/>
  <testcase name="assertThatTwoPositiveNumbersAreAddedCorrectly(int, int, int, boolean)[3]" classname="com.promineotech.TestDemoJUnitTest" time="0.01"/>
  <testcase name="assertThatTwoPositiveNumbersAreAddedCorrectly(int, int, int, boolean)[4]" classname="com.promineotech.TestDemoJUnitTest" time="0.004"/>
  <testcase name="assertThatTwoPositiveNumbersAreAddedCorrectly(int, int, int, boolean)[5]" classname="com.promineotech.TestDemoJUnitTest" time="0.006"/>
  <testcase name="assertThatTwoPositiveNumbersAreAddedCorrectly(int, int, int, boolean)[6]" classname="com.promineotech.TestDemoJUnitTest" time="0.002"/>
  <testcase name="assertThatNumberSquaredIsCorrect" classname="com.promineotech.TestDemoJUnitTest" time="0.654"/>
  <testcase name="assertThatPairsOfPositiveNumbersAreAddedCorrectly" classname="com.promineotech.TestDemoJUnitTest" time="0.001"/>
  <testcase name="assertThatSumOfPairsIsAnInteger" classname="com.promineotech.TestDemoJUnitTest" time="0.001"/>
</testsuite>